2025/05/07 13:33:16 [emerg] 1#1: chmod() "/usr/local/apisix/logs/worker_events.sock" failed (22: Invalid argument)
2025/05/07 13:33:16 [warn] 50#50: *7 [lua] plugin.lua:205: load(): new plugins: {"limit-req":true,"limit-conn":true,"limit-count":true}, context: init_worker_by_lua*
2025/05/07 13:33:16 [warn] 53#53: *3 [lua] plugin.lua:205: load(): new plugins: {"limit-req":true,"limit-conn":true,"limit-count":true}, context: init_worker_by_lua*
2025/05/07 13:33:16 [warn] 57#57: *2 [lua] plugin.lua:205: load(): new plugins: {"limit-req":true,"limit-conn":true,"limit-count":true}, context: init_worker_by_lua*
2025/05/07 13:33:16 [warn] 51#51: *5 [lua] plugin.lua:205: load(): new plugins: {"limit-req":true,"limit-conn":true,"limit-count":true}, context: init_worker_by_lua*
2025/05/07 13:33:16 [warn] 53#53: *3 [lua] plugin.lua:255: load_stream(): new plugins: {"ip-restriction":true,"limit-conn":true,"syslog":true,"mqtt-proxy":true}, context: init_worker_by_lua*
2025/05/07 13:33:16 [warn] 50#50: *7 [lua] plugin.lua:255: load_stream(): new plugins: {"ip-restriction":true,"limit-conn":true,"syslog":true,"mqtt-proxy":true}, context: init_worker_by_lua*
2025/05/07 13:33:16 [warn] 54#54: *9 [lua] plugin.lua:205: load(): new plugins: {"limit-req":true,"limit-conn":true,"limit-count":true}, context: init_worker_by_lua*
2025/05/07 13:33:16 [warn] 51#51: *5 [lua] plugin.lua:255: load_stream(): new plugins: {"ip-restriction":true,"limit-conn":true,"syslog":true,"mqtt-proxy":true}, context: init_worker_by_lua*
2025/05/07 13:33:16 [warn] 57#57: *2 [lua] plugin.lua:255: load_stream(): new plugins: {"ip-restriction":true,"limit-conn":true,"syslog":true,"mqtt-proxy":true}, context: init_worker_by_lua*
2025/05/07 13:33:16 [warn] 52#52: *8 [lua] plugin.lua:205: load(): new plugins: {"limit-req":true,"limit-conn":true,"limit-count":true}, context: init_worker_by_lua*
2025/05/07 13:33:16 [warn] 54#54: *9 [lua] plugin.lua:255: load_stream(): new plugins: {"ip-restriction":true,"limit-conn":true,"syslog":true,"mqtt-proxy":true}, context: init_worker_by_lua*
2025/05/07 13:33:16 [warn] 56#56: *10 [lua] plugin.lua:205: load(): new plugins: {"limit-req":true,"limit-conn":true,"limit-count":true}, context: init_worker_by_lua*
2025/05/07 13:33:16 [warn] 52#52: *8 [lua] plugin.lua:255: load_stream(): new plugins: {"ip-restriction":true,"limit-conn":true,"syslog":true,"mqtt-proxy":true}, context: init_worker_by_lua*
2025/05/07 13:33:16 [warn] 56#56: *10 [lua] plugin.lua:255: load_stream(): new plugins: {"ip-restriction":true,"limit-conn":true,"syslog":true,"mqtt-proxy":true}, context: init_worker_by_lua*
2025/05/07 13:33:16 [warn] 58#58: *1 [lua] plugin.lua:205: load(): new plugins: {"limit-req":true,"limit-conn":true,"limit-count":true}, context: init_worker_by_lua*
2025/05/07 13:33:16 [warn] 49#49: *6 [lua] plugin.lua:205: load(): new plugins: {"limit-req":true,"limit-conn":true,"limit-count":true}, context: init_worker_by_lua*
2025/05/07 13:33:16 [warn] 59#59: *4 [lua] plugin.lua:205: load(): new plugins: {"limit-req":true,"limit-conn":true,"limit-count":true}, context: init_worker_by_lua*
2025/05/07 13:33:16 [warn] 49#49: *6 [lua] plugin.lua:255: load_stream(): new plugins: {"ip-restriction":true,"limit-conn":true,"syslog":true,"mqtt-proxy":true}, context: init_worker_by_lua*
2025/05/07 13:33:16 [warn] 59#59: *4 [lua] plugin.lua:255: load_stream(): new plugins: {"ip-restriction":true,"limit-conn":true,"syslog":true,"mqtt-proxy":true}, context: init_worker_by_lua*
2025/05/07 13:33:16 [warn] 58#58: *1 [lua] plugin.lua:255: load_stream(): new plugins: {"ip-restriction":true,"limit-conn":true,"syslog":true,"mqtt-proxy":true}, context: init_worker_by_lua*
2025/05/07 13:33:16 [warn] 55#55: *11 [lua] plugin.lua:205: load(): new plugins: {"limit-req":true,"limit-conn":true,"limit-count":true}, context: init_worker_by_lua*
2025/05/07 13:33:16 [warn] 55#55: *11 [lua] plugin.lua:255: load_stream(): new plugins: {"ip-restriction":true,"limit-conn":true,"syslog":true,"mqtt-proxy":true}, context: init_worker_by_lua*
2025/05/07 13:34:36 [emerg] 1#1: chmod() "/usr/local/apisix/logs/worker_events.sock" failed (22: Invalid argument)
2025/05/07 13:34:36 [warn] 59#59: *1 [lua] plugin.lua:205: load(): new plugins: {"limit-req":true,"limit-count":true,"limit-conn":true}, context: init_worker_by_lua*
2025/05/07 13:34:36 [warn] 59#59: *1 [lua] plugin.lua:255: load_stream(): new plugins: {"syslog":true,"mqtt-proxy":true,"ip-restriction":true,"limit-conn":true}, context: init_worker_by_lua*
2025/05/07 13:34:36 [warn] 52#52: *2 [lua] plugin.lua:205: load(): new plugins: {"limit-req":true,"limit-count":true,"limit-conn":true}, context: init_worker_by_lua*
2025/05/07 13:34:36 [warn] 56#56: *5 [lua] plugin.lua:205: load(): new plugins: {"limit-req":true,"limit-count":true,"limit-conn":true}, context: init_worker_by_lua*
2025/05/07 13:34:36 [warn] 50#50: *6 [lua] plugin.lua:205: load(): new plugins: {"limit-req":true,"limit-count":true,"limit-conn":true}, context: init_worker_by_lua*
2025/05/07 13:34:36 [warn] 52#52: *2 [lua] plugin.lua:255: load_stream(): new plugins: {"syslog":true,"mqtt-proxy":true,"ip-restriction":true,"limit-conn":true}, context: init_worker_by_lua*
2025/05/07 13:34:36 [warn] 53#53: *7 [lua] plugin.lua:205: load(): new plugins: {"limit-req":true,"limit-count":true,"limit-conn":true}, context: init_worker_by_lua*
2025/05/07 13:34:36 [warn] 56#56: *5 [lua] plugin.lua:255: load_stream(): new plugins: {"syslog":true,"mqtt-proxy":true,"ip-restriction":true,"limit-conn":true}, context: init_worker_by_lua*
2025/05/07 13:34:36 [warn] 54#54: *4 [lua] plugin.lua:205: load(): new plugins: {"limit-req":true,"limit-count":true,"limit-conn":true}, context: init_worker_by_lua*
2025/05/07 13:34:36 [warn] 51#51: *3 [lua] plugin.lua:205: load(): new plugins: {"limit-req":true,"limit-count":true,"limit-conn":true}, context: init_worker_by_lua*
2025/05/07 13:34:36 [warn] 49#49: *9 [lua] plugin.lua:205: load(): new plugins: {"limit-req":true,"limit-count":true,"limit-conn":true}, context: init_worker_by_lua*
2025/05/07 13:34:36 [warn] 55#55: *11 [lua] plugin.lua:205: load(): new plugins: {"limit-req":true,"limit-count":true,"limit-conn":true}, context: init_worker_by_lua*
2025/05/07 13:34:36 [warn] 58#58: *8 [lua] plugin.lua:205: load(): new plugins: {"limit-req":true,"limit-count":true,"limit-conn":true}, context: init_worker_by_lua*
2025/05/07 13:34:36 [warn] 50#50: *6 [lua] plugin.lua:255: load_stream(): new plugins: {"syslog":true,"mqtt-proxy":true,"ip-restriction":true,"limit-conn":true}, context: init_worker_by_lua*
2025/05/07 13:34:36 [warn] 54#54: *4 [lua] plugin.lua:255: load_stream(): new plugins: {"syslog":true,"mqtt-proxy":true,"ip-restriction":true,"limit-conn":true}, context: init_worker_by_lua*
2025/05/07 13:34:36 [warn] 57#57: *10 [lua] plugin.lua:205: load(): new plugins: {"limit-req":true,"limit-count":true,"limit-conn":true}, context: init_worker_by_lua*
2025/05/07 13:34:36 [warn] 53#53: *7 [lua] plugin.lua:255: load_stream(): new plugins: {"syslog":true,"mqtt-proxy":true,"ip-restriction":true,"limit-conn":true}, context: init_worker_by_lua*
2025/05/07 13:34:36 [warn] 49#49: *9 [lua] plugin.lua:255: load_stream(): new plugins: {"syslog":true,"mqtt-proxy":true,"ip-restriction":true,"limit-conn":true}, context: init_worker_by_lua*
2025/05/07 13:34:36 [warn] 51#51: *3 [lua] plugin.lua:255: load_stream(): new plugins: {"syslog":true,"mqtt-proxy":true,"ip-restriction":true,"limit-conn":true}, context: init_worker_by_lua*
2025/05/07 13:34:36 [warn] 58#58: *8 [lua] plugin.lua:255: load_stream(): new plugins: {"syslog":true,"mqtt-proxy":true,"ip-restriction":true,"limit-conn":true}, context: init_worker_by_lua*
2025/05/07 13:34:36 [warn] 55#55: *11 [lua] plugin.lua:255: load_stream(): new plugins: {"syslog":true,"mqtt-proxy":true,"ip-restriction":true,"limit-conn":true}, context: init_worker_by_lua*
2025/05/07 13:34:36 [warn] 57#57: *10 [lua] plugin.lua:255: load_stream(): new plugins: {"syslog":true,"mqtt-proxy":true,"ip-restriction":true,"limit-conn":true}, context: init_worker_by_lua*
2025/05/07 13:39:12 [emerg] 1#1: chmod() "/usr/local/apisix/logs/worker_events.sock" failed (22: Invalid argument)
2025/05/07 13:39:12 [warn] 51#51: *5 [lua] plugin.lua:205: load(): new plugins: {"limit-count":true,"limit-req":true,"limit-conn":true}, context: init_worker_by_lua*
2025/05/07 13:39:12 [warn] 99#99: *6 [lua] plugin.lua:205: load(): new plugins: {"limit-count":true,"limit-req":true,"limit-conn":true}, context: init_worker_by_lua*
2025/05/07 13:39:12 [warn] 50#50: *4 [lua] plugin.lua:205: load(): new plugins: {"limit-count":true,"limit-req":true,"limit-conn":true}, context: init_worker_by_lua*
2025/05/07 13:39:12 [warn] 53#53: *1 [lua] plugin.lua:205: load(): new plugins: {"limit-count":true,"limit-req":true,"limit-conn":true}, context: init_worker_by_lua*
2025/05/07 13:39:12 [warn] 96#96: *7 [lua] plugin.lua:205: load(): new plugins: {"limit-count":true,"limit-req":true,"limit-conn":true}, context: init_worker_by_lua*
2025/05/07 13:39:12 [warn] 66#66: *9 [lua] plugin.lua:205: load(): new plugins: {"limit-count":true,"limit-req":true,"limit-conn":true}, context: init_worker_by_lua*
2025/05/07 13:39:12 [warn] 49#49: *3 [lua] plugin.lua:205: load(): new plugins: {"limit-count":true,"limit-req":true,"limit-conn":true}, context: init_worker_by_lua*
2025/05/07 13:39:12 [warn] 96#96: *7 [lua] plugin.lua:255: load_stream(): new plugins: {"syslog":true,"mqtt-proxy":true,"ip-restriction":true,"limit-conn":true}, context: init_worker_by_lua*
2025/05/07 13:39:12 [warn] 52#52: *2 [lua] plugin.lua:205: load(): new plugins: {"limit-count":true,"limit-req":true,"limit-conn":true}, context: init_worker_by_lua*
2025/05/07 13:39:12 [warn] 66#66: *9 [lua] plugin.lua:255: load_stream(): new plugins: {"syslog":true,"mqtt-proxy":true,"ip-restriction":true,"limit-conn":true}, context: init_worker_by_lua*
2025/05/07 13:39:12 [warn] 98#98: *8 [lua] plugin.lua:205: load(): new plugins: {"limit-count":true,"limit-req":true,"limit-conn":true}, context: init_worker_by_lua*
2025/05/07 13:39:12 [warn] 51#51: *5 [lua] plugin.lua:255: load_stream(): new plugins: {"syslog":true,"mqtt-proxy":true,"ip-restriction":true,"limit-conn":true}, context: init_worker_by_lua*
2025/05/07 13:39:12 [warn] 50#50: *4 [lua] plugin.lua:255: load_stream(): new plugins: {"syslog":true,"mqtt-proxy":true,"ip-restriction":true,"limit-conn":true}, context: init_worker_by_lua*
2025/05/07 13:39:12 [warn] 52#52: *2 [lua] plugin.lua:255: load_stream(): new plugins: {"syslog":true,"mqtt-proxy":true,"ip-restriction":true,"limit-conn":true}, context: init_worker_by_lua*
2025/05/07 13:39:12 [warn] 99#99: *6 [lua] plugin.lua:255: load_stream(): new plugins: {"syslog":true,"mqtt-proxy":true,"ip-restriction":true,"limit-conn":true}, context: init_worker_by_lua*
2025/05/07 13:39:12 [warn] 97#97: *10 [lua] plugin.lua:205: load(): new plugins: {"limit-count":true,"limit-req":true,"limit-conn":true}, context: init_worker_by_lua*
2025/05/07 13:39:12 [warn] 89#89: *11 [lua] plugin.lua:205: load(): new plugins: {"limit-count":true,"limit-req":true,"limit-conn":true}, context: init_worker_by_lua*
2025/05/07 13:39:12 [warn] 53#53: *1 [lua] plugin.lua:255: load_stream(): new plugins: {"syslog":true,"mqtt-proxy":true,"ip-restriction":true,"limit-conn":true}, context: init_worker_by_lua*
2025/05/07 13:39:12 [warn] 49#49: *3 [lua] plugin.lua:255: load_stream(): new plugins: {"syslog":true,"mqtt-proxy":true,"ip-restriction":true,"limit-conn":true}, context: init_worker_by_lua*
2025/05/07 13:39:12 [warn] 98#98: *8 [lua] plugin.lua:255: load_stream(): new plugins: {"syslog":true,"mqtt-proxy":true,"ip-restriction":true,"limit-conn":true}, context: init_worker_by_lua*
2025/05/07 13:39:12 [warn] 97#97: *10 [lua] plugin.lua:255: load_stream(): new plugins: {"syslog":true,"mqtt-proxy":true,"ip-restriction":true,"limit-conn":true}, context: init_worker_by_lua*
2025/05/07 13:39:12 [warn] 89#89: *11 [lua] plugin.lua:255: load_stream(): new plugins: {"syslog":true,"mqtt-proxy":true,"ip-restriction":true,"limit-conn":true}, context: init_worker_by_lua*
2025/05/07 13:43:40 [error] 49#49: *5928 access forbidden by rule, client: 192.168.65.1, server: , request: "PUT /apisix/admin/routes/1 HTTP/1.1", host: "127.0.0.1:9180"
2025/05/07 13:45:27 [emerg] 1#1: chmod() "/usr/local/apisix/logs/worker_events.sock" failed (22: Invalid argument)
2025/05/07 13:45:27 [warn] 57#57: *7 [lua] plugin.lua:205: load(): new plugins: {"limit-count":true,"limit-conn":true,"limit-req":true}, context: init_worker_by_lua*
2025/05/07 13:45:27 [warn] 52#52: *2 [lua] plugin.lua:205: load(): new plugins: {"limit-count":true,"limit-conn":true,"limit-req":true}, context: init_worker_by_lua*
2025/05/07 13:45:27 [warn] 49#49: *4 [lua] plugin.lua:205: load(): new plugins: {"limit-count":true,"limit-conn":true,"limit-req":true}, context: init_worker_by_lua*
2025/05/07 13:45:27 [warn] 57#57: *7 [lua] plugin.lua:255: load_stream(): new plugins: {"mqtt-proxy":true,"ip-restriction":true,"limit-conn":true,"syslog":true}, context: init_worker_by_lua*
2025/05/07 13:45:27 [warn] 52#52: *2 [lua] plugin.lua:255: load_stream(): new plugins: {"mqtt-proxy":true,"ip-restriction":true,"limit-conn":true,"syslog":true}, context: init_worker_by_lua*
2025/05/07 13:45:27 [warn] 49#49: *4 [lua] plugin.lua:255: load_stream(): new plugins: {"mqtt-proxy":true,"ip-restriction":true,"limit-conn":true,"syslog":true}, context: init_worker_by_lua*
2025/05/07 13:45:27 [warn] 61#61: *6 [lua] plugin.lua:205: load(): new plugins: {"limit-count":true,"limit-conn":true,"limit-req":true}, context: init_worker_by_lua*
2025/05/07 13:45:27 [warn] 60#60: *9 [lua] plugin.lua:205: load(): new plugins: {"limit-count":true,"limit-conn":true,"limit-req":true}, context: init_worker_by_lua*
2025/05/07 13:45:27 [warn] 50#50: *3 [lua] plugin.lua:205: load(): new plugins: {"limit-count":true,"limit-conn":true,"limit-req":true}, context: init_worker_by_lua*
2025/05/07 13:45:27 [warn] 53#53: *1 [lua] plugin.lua:205: load(): new plugins: {"limit-count":true,"limit-conn":true,"limit-req":true}, context: init_worker_by_lua*
2025/05/07 13:45:27 [warn] 54#54: *5 [lua] plugin.lua:205: load(): new plugins: {"limit-count":true,"limit-conn":true,"limit-req":true}, context: init_worker_by_lua*
2025/05/07 13:45:27 [warn] 60#60: *9 [lua] plugin.lua:255: load_stream(): new plugins: {"mqtt-proxy":true,"ip-restriction":true,"limit-conn":true,"syslog":true}, context: init_worker_by_lua*
2025/05/07 13:45:27 [warn] 59#59: *11 [lua] plugin.lua:205: load(): new plugins: {"limit-count":true,"limit-conn":true,"limit-req":true}, context: init_worker_by_lua*
2025/05/07 13:45:27 [warn] 55#55: *8 [lua] plugin.lua:205: load(): new plugins: {"limit-count":true,"limit-conn":true,"limit-req":true}, context: init_worker_by_lua*
2025/05/07 13:45:27 [warn] 61#61: *6 [lua] plugin.lua:255: load_stream(): new plugins: {"mqtt-proxy":true,"ip-restriction":true,"limit-conn":true,"syslog":true}, context: init_worker_by_lua*
2025/05/07 13:45:27 [warn] 51#51: *10 [lua] plugin.lua:205: load(): new plugins: {"limit-count":true,"limit-conn":true,"limit-req":true}, context: init_worker_by_lua*
2025/05/07 13:45:27 [warn] 54#54: *5 [lua] plugin.lua:255: load_stream(): new plugins: {"mqtt-proxy":true,"ip-restriction":true,"limit-conn":true,"syslog":true}, context: init_worker_by_lua*
2025/05/07 13:45:27 [warn] 59#59: *11 [lua] plugin.lua:255: load_stream(): new plugins: {"mqtt-proxy":true,"ip-restriction":true,"limit-conn":true,"syslog":true}, context: init_worker_by_lua*
2025/05/07 13:45:27 [warn] 50#50: *3 [lua] plugin.lua:255: load_stream(): new plugins: {"mqtt-proxy":true,"ip-restriction":true,"limit-conn":true,"syslog":true}, context: init_worker_by_lua*
2025/05/07 13:45:27 [warn] 51#51: *10 [lua] plugin.lua:255: load_stream(): new plugins: {"mqtt-proxy":true,"ip-restriction":true,"limit-conn":true,"syslog":true}, context: init_worker_by_lua*
2025/05/07 13:45:27 [warn] 53#53: *1 [lua] plugin.lua:255: load_stream(): new plugins: {"mqtt-proxy":true,"ip-restriction":true,"limit-conn":true,"syslog":true}, context: init_worker_by_lua*
2025/05/07 13:45:27 [warn] 55#55: *8 [lua] plugin.lua:255: load_stream(): new plugins: {"mqtt-proxy":true,"ip-restriction":true,"limit-conn":true,"syslog":true}, context: init_worker_by_lua*
2025/05/07 13:45:34 [error] 53#53: *359 access forbidden by rule, client: 192.168.65.1, server: , request: "PUT /apisix/admin/routes/1 HTTP/1.1", host: "127.0.0.1:9180"
2025/05/07 13:45:47 [error] 52#52: *633 access forbidden by rule, client: 192.168.65.1, server: , request: "PUT /apisix/admin/routes/1 HTTP/1.1", host: "127.0.0.1:9180"
2025/05/07 13:47:53 [emerg] 1#1: chmod() "/usr/local/apisix/logs/worker_events.sock" failed (22: Invalid argument)
2025/05/07 13:47:53 [warn] 52#52: *3 [lua] plugin.lua:205: load(): new plugins: {"limit-req":true,"limit-conn":true,"limit-count":true}, context: init_worker_by_lua*
2025/05/07 13:47:53 [warn] 58#58: *6 [lua] plugin.lua:205: load(): new plugins: {"limit-req":true,"limit-conn":true,"limit-count":true}, context: init_worker_by_lua*
2025/05/07 13:47:53 [warn] 49#49: *4 [lua] plugin.lua:205: load(): new plugins: {"limit-req":true,"limit-conn":true,"limit-count":true}, context: init_worker_by_lua*
2025/05/07 13:47:53 [warn] 51#51: *9 [lua] plugin.lua:205: load(): new plugins: {"limit-req":true,"limit-conn":true,"limit-count":true}, context: init_worker_by_lua*
2025/05/07 13:47:53 [warn] 58#58: *6 [lua] plugin.lua:255: load_stream(): new plugins: {"ip-restriction":true,"limit-conn":true,"mqtt-proxy":true,"syslog":true}, context: init_worker_by_lua*
2025/05/07 13:47:53 [warn] 56#56: *8 [lua] plugin.lua:205: load(): new plugins: {"limit-req":true,"limit-conn":true,"limit-count":true}, context: init_worker_by_lua*
2025/05/07 13:47:53 [warn] 52#52: *3 [lua] plugin.lua:255: load_stream(): new plugins: {"ip-restriction":true,"limit-conn":true,"mqtt-proxy":true,"syslog":true}, context: init_worker_by_lua*
2025/05/07 13:47:53 [warn] 50#50: *2 [lua] plugin.lua:205: load(): new plugins: {"limit-req":true,"limit-conn":true,"limit-count":true}, context: init_worker_by_lua*
2025/05/07 13:47:53 [warn] 56#56: *8 [lua] plugin.lua:255: load_stream(): new plugins: {"ip-restriction":true,"limit-conn":true,"mqtt-proxy":true,"syslog":true}, context: init_worker_by_lua*
2025/05/07 13:47:53 [warn] 53#53: *5 [lua] plugin.lua:205: load(): new plugins: {"limit-req":true,"limit-conn":true,"limit-count":true}, context: init_worker_by_lua*
2025/05/07 13:47:53 [warn] 54#54: *7 [lua] plugin.lua:205: load(): new plugins: {"limit-req":true,"limit-conn":true,"limit-count":true}, context: init_worker_by_lua*
2025/05/07 13:47:53 [warn] 63#63: *1 [lua] plugin.lua:205: load(): new plugins: {"limit-req":true,"limit-conn":true,"limit-count":true}, context: init_worker_by_lua*
2025/05/07 13:47:53 [warn] 49#49: *4 [lua] plugin.lua:255: load_stream(): new plugins: {"ip-restriction":true,"limit-conn":true,"mqtt-proxy":true,"syslog":true}, context: init_worker_by_lua*
2025/05/07 13:47:53 [warn] 53#53: *5 [lua] plugin.lua:255: load_stream(): new plugins: {"ip-restriction":true,"limit-conn":true,"mqtt-proxy":true,"syslog":true}, context: init_worker_by_lua*
2025/05/07 13:47:53 [warn] 51#51: *9 [lua] plugin.lua:255: load_stream(): new plugins: {"ip-restriction":true,"limit-conn":true,"mqtt-proxy":true,"syslog":true}, context: init_worker_by_lua*
2025/05/07 13:47:53 [warn] 55#55: *11 [lua] plugin.lua:205: load(): new plugins: {"limit-req":true,"limit-conn":true,"limit-count":true}, context: init_worker_by_lua*
2025/05/07 13:47:53 [warn] 50#50: *2 [lua] plugin.lua:255: load_stream(): new plugins: {"ip-restriction":true,"limit-conn":true,"mqtt-proxy":true,"syslog":true}, context: init_worker_by_lua*
2025/05/07 13:47:53 [warn] 54#54: *7 [lua] plugin.lua:255: load_stream(): new plugins: {"ip-restriction":true,"limit-conn":true,"mqtt-proxy":true,"syslog":true}, context: init_worker_by_lua*
2025/05/07 13:47:53 [warn] 63#63: *1 [lua] plugin.lua:255: load_stream(): new plugins: {"ip-restriction":true,"limit-conn":true,"mqtt-proxy":true,"syslog":true}, context: init_worker_by_lua*
2025/05/07 13:47:53 [warn] 61#61: *10 [lua] plugin.lua:205: load(): new plugins: {"limit-req":true,"limit-conn":true,"limit-count":true}, context: init_worker_by_lua*
2025/05/07 13:47:53 [warn] 55#55: *11 [lua] plugin.lua:255: load_stream(): new plugins: {"ip-restriction":true,"limit-conn":true,"mqtt-proxy":true,"syslog":true}, context: init_worker_by_lua*
2025/05/07 13:47:53 [warn] 61#61: *10 [lua] plugin.lua:255: load_stream(): new plugins: {"ip-restriction":true,"limit-conn":true,"mqtt-proxy":true,"syslog":true}, context: init_worker_by_lua*
2025/05/07 13:47:54 [error] 53#53: *233 access forbidden by rule, client: 192.168.65.1, server: , request: "PUT /apisix/admin/routes/1 HTTP/1.1", host: "127.0.0.1:9180"
2025/05/07 13:47:56 [error] 52#52: *276 access forbidden by rule, client: 192.168.65.1, server: , request: "PUT /apisix/admin/routes/1 HTTP/1.1", host: "127.0.0.1:9180"
2025/05/07 13:49:06 [error] 50#50: *1768 access forbidden by rule, client: 192.168.65.1, server: , request: "PUT /apisix/admin/routes/1 HTTP/1.1", host: "127.0.0.1:9180"
2025/05/07 13:51:19 [emerg] 1#1: chmod() "/usr/local/apisix/logs/worker_events.sock" failed (22: Invalid argument)
2025/05/07 13:51:19 [warn] 50#50: *6 [lua] plugin.lua:205: load(): new plugins: {"limit-count":true,"limit-conn":true,"limit-req":true}, context: init_worker_by_lua*
2025/05/07 13:51:19 [warn] 56#56: *3 [lua] plugin.lua:205: load(): new plugins: {"limit-count":true,"limit-conn":true,"limit-req":true}, context: init_worker_by_lua*
2025/05/07 13:51:19 [warn] 54#54: *5 [lua] plugin.lua:205: load(): new plugins: {"limit-count":true,"limit-conn":true,"limit-req":true}, context: init_worker_by_lua*
2025/05/07 13:51:19 [warn] 50#50: *6 [lua] plugin.lua:255: load_stream(): new plugins: {"ip-restriction":true,"syslog":true,"limit-conn":true,"mqtt-proxy":true}, context: init_worker_by_lua*
2025/05/07 13:51:19 [warn] 56#56: *3 [lua] plugin.lua:255: load_stream(): new plugins: {"ip-restriction":true,"syslog":true,"limit-conn":true,"mqtt-proxy":true}, context: init_worker_by_lua*
2025/05/07 13:51:19 [warn] 54#54: *5 [lua] plugin.lua:255: load_stream(): new plugins: {"ip-restriction":true,"syslog":true,"limit-conn":true,"mqtt-proxy":true}, context: init_worker_by_lua*
2025/05/07 13:51:19 [warn] 51#51: *4 [lua] plugin.lua:205: load(): new plugins: {"limit-count":true,"limit-conn":true,"limit-req":true}, context: init_worker_by_lua*
2025/05/07 13:51:19 [warn] 55#55: *8 [lua] plugin.lua:205: load(): new plugins: {"limit-count":true,"limit-conn":true,"limit-req":true}, context: init_worker_by_lua*
2025/05/07 13:51:19 [warn] 53#53: *7 [lua] plugin.lua:205: load(): new plugins: {"limit-count":true,"limit-conn":true,"limit-req":true}, context: init_worker_by_lua*
2025/05/07 13:51:19 [warn] 49#49: *2 [lua] plugin.lua:205: load(): new plugins: {"limit-count":true,"limit-conn":true,"limit-req":true}, context: init_worker_by_lua*
2025/05/07 13:51:19 [warn] 53#53: *7 [lua] plugin.lua:255: load_stream(): new plugins: {"ip-restriction":true,"syslog":true,"limit-conn":true,"mqtt-proxy":true}, context: init_worker_by_lua*
2025/05/07 13:51:19 [warn] 49#49: *2 [lua] plugin.lua:255: load_stream(): new plugins: {"ip-restriction":true,"syslog":true,"limit-conn":true,"mqtt-proxy":true}, context: init_worker_by_lua*
2025/05/07 13:51:19 [warn] 117#117: *10 [lua] plugin.lua:205: load(): new plugins: {"limit-count":true,"limit-conn":true,"limit-req":true}, context: init_worker_by_lua*
2025/05/07 13:51:19 [warn] 51#51: *4 [lua] plugin.lua:255: load_stream(): new plugins: {"ip-restriction":true,"syslog":true,"limit-conn":true,"mqtt-proxy":true}, context: init_worker_by_lua*
2025/05/07 13:51:19 [warn] 110#110: *9 [lua] plugin.lua:205: load(): new plugins: {"limit-count":true,"limit-conn":true,"limit-req":true}, context: init_worker_by_lua*
2025/05/07 13:51:19 [warn] 117#117: *10 [lua] plugin.lua:255: load_stream(): new plugins: {"ip-restriction":true,"syslog":true,"limit-conn":true,"mqtt-proxy":true}, context: init_worker_by_lua*
2025/05/07 13:51:19 [warn] 110#110: *9 [lua] plugin.lua:255: load_stream(): new plugins: {"ip-restriction":true,"syslog":true,"limit-conn":true,"mqtt-proxy":true}, context: init_worker_by_lua*
2025/05/07 13:51:19 [warn] 52#52: *1 [lua] plugin.lua:205: load(): new plugins: {"limit-count":true,"limit-conn":true,"limit-req":true}, context: init_worker_by_lua*
2025/05/07 13:51:19 [warn] 55#55: *8 [lua] plugin.lua:255: load_stream(): new plugins: {"ip-restriction":true,"syslog":true,"limit-conn":true,"mqtt-proxy":true}, context: init_worker_by_lua*
2025/05/07 13:51:19 [warn] 125#125: *11 [lua] plugin.lua:205: load(): new plugins: {"limit-count":true,"limit-conn":true,"limit-req":true}, context: init_worker_by_lua*
2025/05/07 13:51:19 [warn] 52#52: *1 [lua] plugin.lua:255: load_stream(): new plugins: {"ip-restriction":true,"syslog":true,"limit-conn":true,"mqtt-proxy":true}, context: init_worker_by_lua*
2025/05/07 13:51:19 [warn] 125#125: *11 [lua] plugin.lua:255: load_stream(): new plugins: {"ip-restriction":true,"syslog":true,"limit-conn":true,"mqtt-proxy":true}, context: init_worker_by_lua*
2025/05/07 13:51:36 [error] 49#49: *548 access forbidden by rule, client: 192.168.65.1, server: , request: "PUT /apisix/admin/routes/1 HTTP/1.1", host: "127.0.0.1:9180"
2025/05/07 13:52:13 [emerg] 1#1: chmod() "/usr/local/apisix/logs/worker_events.sock" failed (22: Invalid argument)
2025/05/07 13:52:13 [warn] 58#58: *2 [lua] plugin.lua:205: load(): new plugins: {"limit-conn":true,"limit-count":true,"limit-req":true}, context: init_worker_by_lua*
2025/05/07 13:52:13 [warn] 62#62: *3 [lua] plugin.lua:205: load(): new plugins: {"limit-conn":true,"limit-count":true,"limit-req":true}, context: init_worker_by_lua*
2025/05/07 13:52:13 [warn] 58#58: *2 [lua] plugin.lua:255: load_stream(): new plugins: {"limit-conn":true,"syslog":true,"ip-restriction":true,"mqtt-proxy":true}, context: init_worker_by_lua*
2025/05/07 13:52:13 [warn] 48#48: *1 [lua] plugin.lua:205: load(): new plugins: {"limit-conn":true,"limit-count":true,"limit-req":true}, context: init_worker_by_lua*
2025/05/07 13:52:13 [warn] 55#55: *6 [lua] plugin.lua:205: load(): new plugins: {"limit-conn":true,"limit-count":true,"limit-req":true}, context: init_worker_by_lua*
2025/05/07 13:52:13 [warn] 62#62: *3 [lua] plugin.lua:255: load_stream(): new plugins: {"limit-conn":true,"syslog":true,"ip-restriction":true,"mqtt-proxy":true}, context: init_worker_by_lua*
2025/05/07 13:52:13 [warn] 48#48: *1 [lua] plugin.lua:255: load_stream(): new plugins: {"limit-conn":true,"syslog":true,"ip-restriction":true,"mqtt-proxy":true}, context: init_worker_by_lua*
2025/05/07 13:52:13 [warn] 89#89: *7 [lua] plugin.lua:205: load(): new plugins: {"limit-conn":true,"limit-count":true,"limit-req":true}, context: init_worker_by_lua*
2025/05/07 13:52:13 [warn] 60#60: *9 [lua] plugin.lua:205: load(): new plugins: {"limit-conn":true,"limit-count":true,"limit-req":true}, context: init_worker_by_lua*
2025/05/07 13:52:13 [warn] 85#85: *8 [lua] plugin.lua:205: load(): new plugins: {"limit-conn":true,"limit-count":true,"limit-req":true}, context: init_worker_by_lua*
2025/05/07 13:52:13 [warn] 59#59: *11 [lua] plugin.lua:205: load(): new plugins: {"limit-conn":true,"limit-count":true,"limit-req":true}, context: init_worker_by_lua*
2025/05/07 13:52:13 [warn] 57#57: *4 [lua] plugin.lua:205: load(): new plugins: {"limit-conn":true,"limit-count":true,"limit-req":true}, context: init_worker_by_lua*
2025/05/07 13:52:13 [warn] 55#55: *6 [lua] plugin.lua:255: load_stream(): new plugins: {"limit-conn":true,"syslog":true,"ip-restriction":true,"mqtt-proxy":true}, context: init_worker_by_lua*
2025/05/07 13:52:13 [warn] 63#63: *5 [lua] plugin.lua:205: load(): new plugins: {"limit-conn":true,"limit-count":true,"limit-req":true}, context: init_worker_by_lua*
2025/05/07 13:52:13 [warn] 56#56: *10 [lua] plugin.lua:205: load(): new plugins: {"limit-conn":true,"limit-count":true,"limit-req":true}, context: init_worker_by_lua*
2025/05/07 13:52:13 [warn] 60#60: *9 [lua] plugin.lua:255: load_stream(): new plugins: {"limit-conn":true,"syslog":true,"ip-restriction":true,"mqtt-proxy":true}, context: init_worker_by_lua*
2025/05/07 13:52:13 [warn] 57#57: *4 [lua] plugin.lua:255: load_stream(): new plugins: {"limit-conn":true,"syslog":true,"ip-restriction":true,"mqtt-proxy":true}, context: init_worker_by_lua*
2025/05/07 13:52:13 [warn] 85#85: *8 [lua] plugin.lua:255: load_stream(): new plugins: {"limit-conn":true,"syslog":true,"ip-restriction":true,"mqtt-proxy":true}, context: init_worker_by_lua*
2025/05/07 13:52:13 [warn] 56#56: *10 [lua] plugin.lua:255: load_stream(): new plugins: {"limit-conn":true,"syslog":true,"ip-restriction":true,"mqtt-proxy":true}, context: init_worker_by_lua*
2025/05/07 13:52:13 [warn] 59#59: *11 [lua] plugin.lua:255: load_stream(): new plugins: {"limit-conn":true,"syslog":true,"ip-restriction":true,"mqtt-proxy":true}, context: init_worker_by_lua*
2025/05/07 13:52:13 [warn] 63#63: *5 [lua] plugin.lua:255: load_stream(): new plugins: {"limit-conn":true,"syslog":true,"ip-restriction":true,"mqtt-proxy":true}, context: init_worker_by_lua*
2025/05/07 13:52:13 [warn] 89#89: *7 [lua] plugin.lua:255: load_stream(): new plugins: {"limit-conn":true,"syslog":true,"ip-restriction":true,"mqtt-proxy":true}, context: init_worker_by_lua*
